<?xml version="1.0" encoding="UTF-8"?>
<testng-results ignored="0" total="1" passed="1" failed="0" skipped="0">
  <reporter-output>
  </reporter-output>
  <suite started-at="2023-06-21T16:39:22 IST" name="Default suite" finished-at="2023-06-21T16:41:51 IST" duration-ms="148614">
    <groups>
    </groups>
    <test started-at="2023-06-21T16:39:22 IST" name="Default test" finished-at="2023-06-21T16:41:51 IST" duration-ms="148614">
      <class name="frame1.khan">
        <test-method is-config="true" signature="setup()[pri:0, instance:frame1.khan@57a78e3]" started-at="2023-06-21T16:39:22 IST" name="setup" finished-at="2023-06-21T16:39:32 IST" duration-ms="9900" status="PASS">
          <reporter-output>
          </reporter-output>
        </test-method> <!-- setup -->
        <test-method signature="test1()[pri:0, instance:frame1.khan@57a78e3]" started-at="2023-06-21T16:39:32 IST" name="test1" finished-at="2023-06-21T16:41:51 IST" duration-ms="138594" status="PASS">
          <reporter-output>
          </reporter-output>
        </test-method> <!-- test1 -->
      </class> <!-- frame1.khan -->
    </test> <!-- Default test -->
  </suite> <!-- Default suite -->
</testng-results>
